2024-09-26 18:14:50.424 +03:00 [ERR] request https://localhost:7001/WEB_253505_Bekarev.styles.css returns 404
2024-09-26 18:14:50.550 +03:00 [ERR] request https://localhost:7001/WEB_253505_Bekarev.styles.css returns 404
2024-09-26 18:15:32.326 +03:00 [ERR] request https://localhost:7001/WEB_253505_Bekarev.styles.css returns 404
2024-09-26 18:15:32.399 +03:00 [ERR] request https://localhost:7001/WEB_253505_Bekarev.styles.css returns 404
2024-09-26 18:15:36.226 +03:00 [ERR] request https://localhost:7001/WEB_253505_Bekarev.styles.css returns 404
2024-09-26 18:15:36.360 +03:00 [ERR] request https://localhost:7001/WEB_253505_Bekarev.styles.css returns 404
2024-09-26 18:15:47.064 +03:00 [ERR] request https://localhost:7001/Account/Logout returns 302
2024-09-26 18:15:48.826 +03:00 [ERR] request https://localhost:7001/WEB_253505_Bekarev.styles.css returns 404
2024-09-26 18:15:51.353 +03:00 [ERR] request https://localhost:7001/WEB_253505_Bekarev.styles.css returns 404
2024-09-26 18:15:56.836 +03:00 [ERR] request https://localhost:7001/WEB_253505_Bekarev.styles.css returns 404
2024-09-26 18:15:58.991 +03:00 [ERR] request https://localhost:7001/Admin/Delete?id=14 returns 302
2024-09-26 18:15:59.407 +03:00 [ERR] request https://localhost:7001/WEB_253505_Bekarev.styles.css returns 404
2024-09-26 18:16:05.634 +03:00 [ERR] request https://localhost:7001/WEB_253505_Bekarev.styles.css returns 404
2024-09-26 18:17:11.236 +03:00 [ERR] request https://localhost:7001/WEB_253505_Bekarev.styles.css returns 404
2024-09-26 18:17:23.342 +03:00 [ERR] request https://localhost:7001/WEB_253505_Bekarev.styles.css returns 404
2024-09-26 18:17:25.580 +03:00 [ERR] request https://localhost:7001/WEB_253505_Bekarev.styles.css returns 404
2024-09-26 18:17:29.067 +03:00 [ERR] request https://localhost:7001/WEB_253505_Bekarev.styles.css returns 404
2024-09-26 18:17:32.768 +03:00 [ERR] request https://localhost:7001/Account/Login returns 302
2024-09-26 18:17:50.965 +03:00 [ERR] request https://localhost:7001/WEB_253505_Bekarev.styles.css returns 404
2024-09-26 18:17:54.073 +03:00 [ERR] request https://localhost:7001/WEB_253505_Bekarev.styles.css returns 404
2024-09-26 18:17:56.227 +03:00 [ERR] request https://localhost:7001/WEB_253505_Bekarev.styles.css returns 404
2024-09-26 18:17:59.578 +03:00 [ERR] request https://localhost:7001/Account/Logout returns 302
2024-09-26 18:17:59.906 +03:00 [ERR] request https://localhost:7001/WEB_253505_Bekarev.styles.css returns 404
2024-09-26 18:18:02.145 +03:00 [ERR] request https://localhost:7001/WEB_253505_Bekarev.styles.css returns 404
2024-09-26 18:19:48.321 +03:00 [ERR] request https://localhost:7001/WEB_253505_Bekarev.styles.css returns 404
2024-09-26 18:19:50.876 +03:00 [ERR] An unhandled exception has occurred while executing the request.
System.InvalidOperationException: The AuthorizationPolicy named: 'admin' was not found.
   at Microsoft.AspNetCore.Authorization.AuthorizationPolicy.CombineAsync(IAuthorizationPolicyProvider policyProvider, IEnumerable`1 authorizeData, IEnumerable`1 policies)
   at Microsoft.AspNetCore.Authorization.AuthorizationMiddleware.Invoke(HttpContext context)
   at Microsoft.AspNetCore.Session.SessionMiddleware.Invoke(HttpContext context)
   at Microsoft.AspNetCore.Session.SessionMiddleware.Invoke(HttpContext context)
   at Microsoft.AspNetCore.Authentication.AuthenticationMiddleware.Invoke(HttpContext context)
   at Microsoft.AspNetCore.Diagnostics.DeveloperExceptionPageMiddlewareImpl.Invoke(HttpContext context)
2024-09-26 18:20:03.361 +03:00 [ERR] An unhandled exception has occurred while executing the request.
System.InvalidOperationException: The AuthorizationPolicy named: 'admin' was not found.
   at Microsoft.AspNetCore.Authorization.AuthorizationPolicy.CombineAsync(IAuthorizationPolicyProvider policyProvider, IEnumerable`1 authorizeData, IEnumerable`1 policies)
   at Microsoft.AspNetCore.Authorization.AuthorizationMiddleware.Invoke(HttpContext context)
   at Microsoft.AspNetCore.Session.SessionMiddleware.Invoke(HttpContext context)
   at Microsoft.AspNetCore.Session.SessionMiddleware.Invoke(HttpContext context)
   at Microsoft.AspNetCore.Authentication.AuthenticationMiddleware.Invoke(HttpContext context)
   at Microsoft.AspNetCore.Diagnostics.DeveloperExceptionPageMiddlewareImpl.Invoke(HttpContext context)
2024-09-26 18:21:54.051 +03:00 [ERR] request https://localhost:7001/WEB_253505_Bekarev.styles.css returns 404
2024-09-26 18:21:56.703 +03:00 [ERR] An unhandled exception has occurred while executing the request.
System.InvalidOperationException: The AuthorizationPolicy named: 'admin' was not found.
   at Microsoft.AspNetCore.Authorization.AuthorizationPolicy.CombineAsync(IAuthorizationPolicyProvider policyProvider, IEnumerable`1 authorizeData, IEnumerable`1 policies)
   at Microsoft.AspNetCore.Authorization.AuthorizationMiddleware.Invoke(HttpContext context)
   at Microsoft.AspNetCore.Session.SessionMiddleware.Invoke(HttpContext context)
   at Microsoft.AspNetCore.Session.SessionMiddleware.Invoke(HttpContext context)
   at Microsoft.AspNetCore.Authentication.AuthenticationMiddleware.Invoke(HttpContext context)
   at Microsoft.AspNetCore.Diagnostics.DeveloperExceptionPageMiddlewareImpl.Invoke(HttpContext context)
2024-09-26 18:59:53.097 +03:00 [ERR] request https://localhost:7001/WEB_253505_Bekarev.styles.css returns 404
